<?xml version="1.0" encoding="UTF-8"?>
<testng-results ignored="0" total="3" passed="2" failed="1" skipped="0">
  <reporter-output>
  </reporter-output>
  <suite started-at="2024-09-25T19:41:02 IST" name="Default suite" finished-at="2024-09-25T19:42:04 IST" duration-ms="62354">
    <groups>
    </groups>
    <test started-at="2024-09-25T19:41:02 IST" name="Default test" finished-at="2024-09-25T19:42:04 IST" duration-ms="62354">
      <class name="testcases.PractoTests">
        <test-method is-config="true" signature="Browser_setup()[pri:0, instance:testcases.PractoTests@173ed316]" started-at="2024-09-25T19:40:56 IST" name="Browser_setup" finished-at="2024-09-25T19:41:02 IST" duration-ms="5660" status="PASS">
          <reporter-output>
          </reporter-output>
        </test-method> <!-- Browser_setup -->
        <test-method signature="verifyDoctorCategoryList()[pri:1, instance:testcases.PractoTests@173ed316]" started-at="2024-09-25T19:41:02 IST" name="verifyDoctorCategoryList" finished-at="2024-09-25T19:41:32 IST" duration-ms="30357" status="PASS">
          <reporter-output>
          </reporter-output>
        </test-method> <!-- verifyDoctorCategoryList -->
        <test-method signature="verifyDoctorDetails()[pri:2, instance:testcases.PractoTests@173ed316]" started-at="2024-09-25T19:41:32 IST" name="verifyDoctorDetails" finished-at="2024-09-25T19:41:51 IST" duration-ms="18656" status="PASS">
          <reporter-output>
          </reporter-output>
        </test-method> <!-- verifyDoctorDetails -->
        <test-method signature="verifyFilteredValues()[pri:3, instance:testcases.PractoTests@173ed316]" started-at="2024-09-25T19:41:51 IST" name="verifyFilteredValues" finished-at="2024-09-25T19:42:04 IST" duration-ms="13277" status="FAIL">
          <exception class="java.lang.NumberFormatException">
            <message>
              <![CDATA[For input string: ""]]>
            </message>
            <full-stacktrace>
              <![CDATA[java.lang.NumberFormatException: For input string: ""
at java.base/java.lang.NumberFormatException.forInputString(NumberFormatException.java:67)
at java.base/java.lang.Integer.parseInt(Integer.java:672)
at java.base/java.lang.Integer.parseInt(Integer.java:778)
at pages.DoctorsPage.validateConsultationFees(DoctorsPage.java:79)
at testcases.PractoTests.verifyFilteredValues(PractoTests.java:85)
at java.base/jdk.internal.reflect.DirectMethodHandleAccessor.invoke(DirectMethodHandleAccessor.java:103)
at java.base/java.lang.reflect.Method.invoke(Method.java:580)
at org.testng.internal.invokers.MethodInvocationHelper.invokeMethod(MethodInvocationHelper.java:136)
at org.testng.internal.invokers.TestInvoker.invokeMethod(TestInvoker.java:658)
at org.testng.internal.invokers.TestInvoker.invokeTestMethod(TestInvoker.java:219)
at org.testng.internal.invokers.MethodRunner.runInSequence(MethodRunner.java:50)
at org.testng.internal.invokers.TestInvoker$MethodInvocationAgent.invoke(TestInvoker.java:923)
at org.testng.internal.invokers.TestInvoker.invokeTestMethods(TestInvoker.java:192)
at org.testng.internal.invokers.TestMethodWorker.invokeTestMethods(TestMethodWorker.java:146)
at org.testng.internal.invokers.TestMethodWorker.run(TestMethodWorker.java:128)
at java.base/java.util.ArrayList.forEach(ArrayList.java:1596)
at org.testng.TestRunner.privateRun(TestRunner.java:808)
at org.testng.TestRunner.run(TestRunner.java:603)
at org.testng.SuiteRunner.runTest(SuiteRunner.java:429)
at org.testng.SuiteRunner.runSequentially(SuiteRunner.java:423)
at org.testng.SuiteRunner.privateRun(SuiteRunner.java:383)
at org.testng.SuiteRunner.run(SuiteRunner.java:326)
at org.testng.SuiteRunnerWorker.runSuite(SuiteRunnerWorker.java:52)
at org.testng.SuiteRunnerWorker.run(SuiteRunnerWorker.java:95)
at org.testng.TestNG.runSuitesSequentially(TestNG.java:1249)
at org.testng.TestNG.runSuitesLocally(TestNG.java:1169)
at org.testng.TestNG.runSuites(TestNG.java:1092)
at org.testng.TestNG.run(TestNG.java:1060)
at org.testng.remote.AbstractRemoteTestNG.run(AbstractRemoteTestNG.java:115)
at org.testng.remote.RemoteTestNG.initAndRun(RemoteTestNG.java:293)
at org.testng.remote.RemoteTestNG.main(RemoteTestNG.java:91)
]]>
            </full-stacktrace>
          </exception> <!-- java.lang.NumberFormatException -->
          <reporter-output>
          </reporter-output>
        </test-method> <!-- verifyFilteredValues -->
      </class> <!-- testcases.PractoTests -->
    </test> <!-- Default test -->
  </suite> <!-- Default suite -->
</testng-results>
